TN:
SF:src/data/postgres/index.ts
FNF:0
FNH:0
DA:1,1
DA:2,1
DA:3,1
LF:3
LH:3
BRF:0
BRH:0
end_of_record
TN:
SF:src/presentation/todos/controller.ts
FN:12,TodoController
FN:22,TodoController.getTodos
FN:33,TodoController.getTodoById
FN:47,TodoController.createTodo
FN:65,TodoController.updateTodo
FN:89,TodoController.deleteTodo
FN:14,handleError
FNF:7
FNH:7
FNDA:2,TodoController
FNDA:1,TodoController.getTodos
FNDA:2,TodoController.getTodoById
FNDA:3,TodoController.createTodo
FNDA:3,TodoController.updateTodo
FNDA:2,TodoController.deleteTodo
FNDA:3,handleError
DA:1,1
DA:2,1
DA:3,1
DA:4,1
DA:5,1
DA:6,1
DA:7,1
DA:8,1
DA:9,1
DA:10,1
DA:11,1
DA:12,1
DA:13,1
DA:14,1
DA:15,3
DA:16,3
DA:17,3
DA:18,0
DA:19,0
DA:20,3
DA:21,1
DA:22,1
DA:23,1
DA:24,1
DA:25,1
DA:26,1
DA:27,1
DA:28,1
DA:29,0
DA:30,1
DA:31,1
DA:32,1
DA:33,1
DA:34,2
DA:35,2
DA:36,2
DA:37,2
DA:38,2
DA:39,2
DA:40,1
DA:41,2
DA:42,2
DA:43,1
DA:44,2
DA:45,1
DA:46,1
DA:47,1
DA:48,3
DA:49,3
DA:50,3
DA:51,2
DA:52,2
DA:53,2
DA:54,1
DA:55,1
DA:56,1
DA:57,1
DA:58,1
DA:59,1
DA:60,1
DA:61,0
DA:62,1
DA:63,1
DA:64,1
DA:65,1
DA:66,3
DA:67,3
DA:68,3
DA:69,3
DA:70,3
DA:71,3
DA:72,3
DA:73,3
DA:74,3
DA:75,0
DA:76,0
DA:77,0
DA:78,3
DA:79,3
DA:80,3
DA:81,3
DA:82,2
DA:83,3
DA:84,3
DA:85,1
DA:86,3
DA:87,1
DA:88,1
DA:89,1
DA:90,2
DA:91,2
DA:92,2
DA:93,2
DA:94,2
DA:95,2
DA:96,1
DA:97,2
DA:98,2
DA:99,1
DA:100,2
DA:101,1
DA:102,1
LF:102
LH:95
BRDA:12,0,0,2
BRDA:22,1,0,1
BRDA:25,2,0,1
BRDA:33,3,0,2
BRDA:39,4,0,1
BRDA:42,5,0,1
BRDA:47,6,0,3
BRDA:50,7,0,2
BRDA:54,8,0,1
BRDA:57,9,0,1
BRDA:65,10,0,3
BRDA:74,11,0,0
BRDA:81,12,0,2
BRDA:84,13,0,1
BRDA:89,14,0,2
BRDA:95,15,0,1
BRDA:98,16,0,1
BRDA:14,17,0,3
BRDA:17,18,0,0
BRF:19
BRH:17
end_of_record
TN:
SF:tests/test-server.ts
FNF:0
FNH:0
DA:1,1
DA:2,1
DA:3,1
DA:4,1
DA:5,1
DA:6,1
DA:7,1
DA:8,1
DA:9,1
LF:9
LH:9
BRF:0
BRH:0
end_of_record
