TN:
SF:src/data/postgres/index.ts
FNF:0
FNH:0
DA:1,1
DA:2,1
DA:3,1
LF:3
LH:3
BRF:0
BRH:0
end_of_record
TN:
SF:src/presentation/todos/controller.ts
FN:11,TodoController
FN:13,TodoController.getTodos
FN:24,TodoController.getTodoById
FN:38,TodoController.createTodo
FN:56,TodoController.updateTodo
FN:80,TodoController.deleteTodo
FNF:6
FNH:6
FNDA:2,TodoController
FNDA:1,TodoController.getTodos
FNDA:2,TodoController.getTodoById
FNDA:3,TodoController.createTodo
FNDA:3,TodoController.updateTodo
FNDA:2,TodoController.deleteTodo
DA:1,1
DA:2,1
DA:3,1
DA:4,1
DA:5,1
DA:6,1
DA:7,1
DA:8,1
DA:9,1
DA:10,1
DA:11,1
DA:12,1
DA:13,1
DA:14,1
DA:15,1
DA:16,1
DA:17,1
DA:18,1
DA:19,1
DA:20,0
DA:21,1
DA:22,1
DA:23,1
DA:24,1
DA:25,2
DA:26,2
DA:27,2
DA:28,2
DA:29,2
DA:30,2
DA:31,1
DA:32,2
DA:33,2
DA:34,1
DA:35,2
DA:36,1
DA:37,1
DA:38,1
DA:39,3
DA:40,3
DA:41,3
DA:42,2
DA:43,2
DA:44,2
DA:45,1
DA:46,1
DA:47,1
DA:48,1
DA:49,1
DA:50,1
DA:51,1
DA:52,0
DA:53,1
DA:54,1
DA:55,1
DA:56,1
DA:57,3
DA:58,3
DA:59,3
DA:60,3
DA:61,3
DA:62,3
DA:63,3
DA:64,3
DA:65,3
DA:66,0
DA:67,0
DA:68,0
DA:69,3
DA:70,3
DA:71,3
DA:72,3
DA:73,2
DA:74,3
DA:75,3
DA:76,1
DA:77,3
DA:78,1
DA:79,1
DA:80,1
DA:81,2
DA:82,2
DA:83,2
DA:84,2
DA:85,2
DA:86,2
DA:87,1
DA:88,2
DA:89,2
DA:90,1
DA:91,2
DA:92,1
DA:93,1
LF:93
LH:88
BRDA:11,0,0,2
BRDA:13,1,0,1
BRDA:16,2,0,1
BRDA:24,3,0,2
BRDA:30,4,0,1
BRDA:33,5,0,1
BRDA:38,6,0,3
BRDA:41,7,0,2
BRDA:45,8,0,1
BRDA:48,9,0,1
BRDA:56,10,0,3
BRDA:65,11,0,0
BRDA:72,12,0,2
BRDA:75,13,0,1
BRDA:80,14,0,2
BRDA:86,15,0,1
BRDA:89,16,0,1
BRF:17
BRH:16
end_of_record
TN:
SF:tests/test-server.ts
FNF:0
FNH:0
DA:1,1
DA:2,1
DA:3,1
DA:4,1
DA:5,1
DA:6,1
DA:7,1
DA:8,1
DA:9,1
LF:9
LH:9
BRF:0
BRH:0
end_of_record
